[2020-08-27T20:19:59.993] [INFO] default - 
[2020-08-27T20:21:06.835] [INFO] default - [ 1, 0, 3, 0 ]
[2020-08-27T20:27:42.770] [INFO] default - { numberOfOnes: 1, numberOfZeros: 2 }
[2020-08-27T20:32:35.894] [INFO] default - 0
[2020-08-27T20:33:09.704] [INFO] default - { numberOfOnes: 1, numberOfZeros: 1 }
[2020-08-27T20:33:50.417] [INFO] default - { numberOfOnes: 3, numberOfZeros: 8 }
[2020-08-27T20:35:34.739] [INFO] default - { numberOfOnes: 3, numberOfZeros: 8 }
[2020-08-27T20:36:03.581] [INFO] default - {
  count: { numberOfOnes: 3, numberOfZeros: 8 },
  binaryValue: [
    0, 1, 1, 0, 0,
    0, 0, 0, 0, 0,
    1
  ]
}
[2020-08-27T20:36:21.814] [INFO] default - {
  count: { numberOfOnes: 2, numberOfZeros: 2 },
  binaryValue: [ 0, 1, 0, 1 ]
}
[2020-08-27T20:39:52.951] [INFO] default - {
  count: { numberOfOnes: 0, numberOfZeros: 0 },
  binaryValue: [
    0,
    1,
    0.5,
    1.25,
    0.625,
    0.3125,
    0.15625,
    0.078125,
    0.0390625,
    0.01953125,
    0.009765625,
    0.0048828125,
    0.00244140625,
    0.001220703125,
    0.0006103515625,
    0.00030517578125,
    0.000152587890625,
    0.0000762939453125,
    0.00003814697265625,
    0.000019073486328125,
    0.0000095367431640625,
    0.00000476837158203125,
    0.000002384185791015625,
    0.0000011920928955078125,
    5.960464477539062e-7,
    2.980232238769531e-7,
    1.4901161193847656e-7,
    7.450580596923828e-8,
    3.725290298461914e-8,
    1.862645149230957e-8,
    9.313225746154785e-9,
    4.6566128730773926e-9,
    2.3283064365386963e-9,
    1.1641532182693481e-9,
    5.820766091346741e-10,
    2.9103830456733704e-10,
    1.4551915228366852e-10,
    7.275957614183426e-11,
    3.637978807091713e-11,
    1.8189894035458565e-11,
    9.094947017729282e-12,
    4.547473508864641e-12,
    2.2737367544323206e-12,
    1.1368683772161603e-12,
    5.684341886080801e-13,
    2.8421709430404007e-13,
    1.4210854715202004e-13,
    7.105427357601002e-14,
    3.552713678800501e-14,
    1.7763568394002505e-14,
    8.881784197001252e-15,
    4.440892098500626e-15,
    2.220446049250313e-15,
    1.1102230246251565e-15,
    5.551115123125783e-16,
    2.7755575615628914e-16,
    1.3877787807814457e-16,
    6.938893903907228e-17,
    3.469446951953614e-17,
    1.734723475976807e-17,
    8.673617379884035e-18,
    4.336808689942018e-18,
    2.168404344971009e-18,
    1.0842021724855044e-18,
    5.421010862427522e-19,
    2.710505431213761e-19,
    1.3552527156068805e-19,
    6.776263578034403e-20,
    3.3881317890172014e-20,
    1.6940658945086007e-20,
    8.470329472543003e-21,
    4.235164736271502e-21,
    2.117582368135751e-21,
    1.0587911840678754e-21,
    5.293955920339377e-22,
    2.6469779601696886e-22,
    1.3234889800848443e-22,
    6.617444900424221e-23,
    3.3087224502121107e-23,
    1.6543612251060553e-23,
    8.271806125530277e-24,
    4.1359030627651384e-24,
    2.0679515313825692e-24,
    1.0339757656912846e-24,
    5.169878828456423e-25,
    2.5849394142282115e-25,
    1.2924697071141057e-25,
    6.462348535570529e-26,
    3.2311742677852644e-26,
    1.6155871338926322e-26,
    8.077935669463161e-27,
    4.0389678347315804e-27,
    2.0194839173657902e-27,
    1.0097419586828951e-27,
    5.048709793414476e-28,
    2.524354896707238e-28,
    1.262177448353619e-28,
    6.310887241768094e-29,
    3.155443620884047e-29,
    1.5777218104420236e-29,
    ... 978 more items
  ]
}
[2020-08-27T20:41:44.993] [INFO] default - {
  count: { numberOfOnes: 0, numberOfZeros: 0 },
  binaryValue: [ 0, 1, 0, 1 ]
}
[2020-08-28T17:56:30.933] [INFO] default - { numberOfOnes: 2, numberOfZeros: 2 }
[2020-08-28T17:58:34.072] [INFO] default - { numberOfOnes: 2, numberOfZeros: 2 }
[2020-08-28T18:13:28.972] [INFO] default - { numberOfOnes: 1, numberOfZeros: 1 }
[2020-08-29T10:42:11.013] [INFO] default - { numberOfOnes: 0, numberOfZeros: 0 }
[2020-08-30T23:20:38.487] [INFO] default - 0
[2020-08-30T23:23:20.809] [INFO] default - { numberOfOnes: 0, numberOfZeros: 1 }
[2020-08-30T23:24:57.257] [INFO] default - { numberOfOnes: 1, numberOfZeros: 1 }
[2020-08-30T23:26:38.166] [INFO] default - { count: { numberOfOnes: 1, numberOfZeros: 1 }, binaryValue: '0' }
[2020-08-30T23:35:22.809] [INFO] default - { count: { numberOfOnes: 1, numberOfZeros: 1 }, binaryValue: '10' }
[2020-08-30T23:35:49.125] [INFO] default - { count: { numberOfOnes: 0, numberOfZeros: 1 }, binaryValue: 0 }
